<?xml version="1.0" encoding="UTF-8"?>
<!-- Generated by org.testng.reporters.JUnitReportReporter -->
<testsuite hostname="AWNJPHCWKS0003" name="phoenix_tests.Phoenix_SavingsAndDisputed_View_Edit_Delete" tests="1" failures="0" timestamp="23 Oct 2019 14:08:43 GMT" time="247.319" errors="0">
  <testcase name="Savings_Disputed_View_Edit_Delete" time="247.319" classname="phoenix_tests.Phoenix_SavingsAndDisputed_View_Edit_Delete"/>
</testsuite> <!-- phoenix_tests.Phoenix_SavingsAndDisputed_View_Edit_Delete -->
