<?xml version="1.0" encoding="UTF-8"?>
<!-- Generated by org.testng.reporters.JUnitReportReporter -->
<testsuite hostname="AWNJPHCWKS0003" name="phoenix_tests.Phoenix_SavingsAndDisputed_Creation$Phoenix_Regular" tests="1" failures="0" timestamp="15 Oct 2019 10:00:06 GMT" time="126.145" errors="0">
  <testcase name="Savings_Disputed" time="126.145" classname="phoenix_tests.Phoenix_SavingsAndDisputed_Creation$Phoenix_Regular"/>
</testsuite> <!-- phoenix_tests.Phoenix_SavingsAndDisputed_Creation$Phoenix_Regular -->
