<?xml version="1.0" encoding="UTF-8"?>
<!-- Generated by org.testng.reporters.JUnitReportReporter -->
<testsuite hostname="AWNJPHCWKS0003" name="phoenix_tests.SearchEditHistoryCopyClaim" tests="1" failures="0" timestamp="16 Oct 2019 06:20:39 GMT" time="46.890" errors="0">
  <testcase name="Phoenix_Search" time="46.890" classname="phoenix_tests.SearchEditHistoryCopyClaim"/>
</testsuite> <!-- phoenix_tests.SearchEditHistoryCopyClaim -->
