<?xml version="1.0" encoding="UTF-8"?>
<!-- Generated by org.testng.reporters.JUnitReportReporter -->
<testsuite hostname="AWNJPHCWKS0003" name="phoenix_tests.Phoenix_Activities_Financial" tests="1" failures="0" timestamp="23 Oct 2019 14:19:03 GMT" time="94.243" errors="0">
  <testcase name="Phoenix_Activities_Financial" time="94.243" classname="phoenix_tests.Phoenix_Activities_Financial"/>
</testsuite> <!-- phoenix_tests.Phoenix_Activities_Financial -->
