<?xml version="1.0" encoding="UTF-8"?>
<!-- Generated by org.testng.reporters.JUnitReportReporter -->
<testsuite hostname="AWNJPHCWKS0003" name="phoenix_tests.SearchEditCopyClaim" tests="1" failures="0" timestamp="20 Sep 2019 11:11:50 GMT" time="46.757" errors="0">
  <testcase name="Phoenix_POC" time="46.757" classname="phoenix_tests.SearchEditCopyClaim"/>
</testsuite> <!-- phoenix_tests.SearchEditCopyClaim -->
