<?xml version="1.0" encoding="UTF-8"?>
<!-- Generated by org.testng.reporters.JUnitReportReporter -->
<testsuite skipped="0" hostname="AWFMPWKS0444" name="phoenix_tests.Phoenix_Activities" tests="1" failures="0" timestamp="02 Sep 2019 09:07:09 GMT" time="121.346" errors="0">
  <testcase name="Phoenix_Accounting_Transaction" time="121.346" classname="phoenix_tests.Phoenix_Activities"/>
</testsuite> <!-- phoenix_tests.Phoenix_Activities -->
