<?xml version="1.0" encoding="UTF-8"?>
<!-- Generated by org.testng.reporters.JUnitReportReporter -->
<testsuite hostname="AWNJPHCWKS0003" name="phoenix_tests.Phoenix_Held_Transaction_Approve" tests="3" failures="0" timestamp="16 Oct 2019 05:50:58 GMT" time="179.273" errors="0">
  <testcase name="Claim_Transaction_Creation" time="118.891" classname="phoenix_tests.Phoenix_Held_Transaction_Approve"/>
  <testcase name="TransactionStatusafterMangers_approval" time="31.729" classname="phoenix_tests.Phoenix_Held_Transaction_Approve"/>
  <testcase name="Managers_Approval" time="28.653" classname="phoenix_tests.Phoenix_Held_Transaction_Approve"/>
</testsuite> <!-- phoenix_tests.Phoenix_Held_Transaction_Approve -->
