<?xml version="1.0" encoding="UTF-8"?>
<!-- Generated by org.testng.reporters.JUnitReportReporter -->
<testsuite hostname="AWNJPHCWKS0003" name="phoenix_tests.Phoenix_DiaryDate_Validation" tests="1" failures="0" timestamp="25 Oct 2019 11:18:24 GMT" time="95.233" errors="0">
  <testcase name="DairyDate_Validation" time="95.233" classname="phoenix_tests.Phoenix_DiaryDate_Validation"/>
</testsuite> <!-- phoenix_tests.Phoenix_DiaryDate_Validation -->
