<?xml version="1.0" encoding="UTF-8"?>
<!-- Generated by org.testng.reporters.JUnitReportReporter -->
<testsuite hostname="AWNJPHCWKS0003" name="phoenix_tests.Phoenix_SavingsAndDisputed_Creation" tests="1" failures="0" timestamp="23 Oct 2019 07:33:51 GMT" time="120.823" errors="0">
  <testcase name="Savings_Disputed" time="120.823" classname="phoenix_tests.Phoenix_SavingsAndDisputed_Creation"/>
</testsuite> <!-- phoenix_tests.Phoenix_SavingsAndDisputed_Creation -->
