<?xml version="1.0" encoding="UTF-8"?>
<!-- Generated by org.testng.reporters.JUnitReportReporter -->
<testsuite hostname="AWNJPHCWKS0003" name="phoenix_tests.Phoenix_WF_Preview_Document" tests="1" failures="0" timestamp="16 Oct 2019 06:46:00 GMT" time="366.962" errors="0">
  <testcase name="Phoenix_Preview" time="366.962" classname="phoenix_tests.Phoenix_WF_Preview_Document"/>
</testsuite> <!-- phoenix_tests.Phoenix_WF_Preview_Document -->
