<?xml version="1.0" encoding="UTF-8"?>
<!-- Generated by org.testng.reporters.JUnitReportReporter -->
<testsuite hostname="AWNJPHCWKS0003" name="phoenix_tests.Phoenix_Activities_FirstNotice" tests="1" failures="0" timestamp="23 Oct 2019 14:13:42 GMT" time="143.104" errors="0">
  <testcase name="Phoenix_Accounting_Transaction" time="143.104" classname="phoenix_tests.Phoenix_Activities_FirstNotice"/>
</testsuite> <!-- phoenix_tests.Phoenix_Activities_FirstNotice -->
