<?xml version="1.0" encoding="UTF-8"?>
<!-- Generated by org.testng.reporters.JUnitReportReporter -->
<testsuite hostname="AWNJPHCWKS0003" name="phoenix_tests.Phoenix_AAD" tests="1" failures="0" timestamp="16 Oct 2019 06:35:15 GMT" time="122.116" errors="0">
  <testcase name="Phoenix_POC" time="122.116" classname="phoenix_tests.Phoenix_AAD"/>
</testsuite> <!-- phoenix_tests.Phoenix_AAD -->
