<?xml version="1.0" encoding="UTF-8"?>
<!-- Generated by org.testng.reporters.JUnitReportReporter -->
<testsuite hostname="AWNJPHCWKS0003" name="phoenix_tests.Phoenix_Held_Transaction_Reject" tests="3" failures="0" timestamp="23 Oct 2019 14:24:39 GMT" time="173.163" errors="0">
  <testcase name="Managers_Approval" time="38.776" classname="phoenix_tests.Phoenix_Held_Transaction_Reject"/>
  <testcase name="TransactionearsedafterManagersRejection" time="35.589" classname="phoenix_tests.Phoenix_Held_Transaction_Reject"/>
  <testcase name="Claim_Transaction_Creation" time="98.798" classname="phoenix_tests.Phoenix_Held_Transaction_Reject"/>
</testsuite> <!-- phoenix_tests.Phoenix_Held_Transaction_Reject -->
