<?xml version="1.0" encoding="UTF-8"?>
<!-- Generated by org.testng.reporters.JUnitReportReporter -->
<testsuite hostname="AWNJPHCWKS0003" name="phoenix_tests.Phoenix_Activities_MultipleDocumentUpload" tests="1" failures="0" timestamp="25 Oct 2019 09:06:18 GMT" time="197.605" errors="0">
  <testcase name="Phoenix_Activities_MultipleDocumentUpload" time="197.605" classname="phoenix_tests.Phoenix_Activities_MultipleDocumentUpload"/>
</testsuite> <!-- phoenix_tests.Phoenix_Activities_MultipleDocumentUpload -->
