<?xml version="1.0" encoding="UTF-8"?>
<!-- Generated by org.testng.reporters.JUnitReportReporter -->
<testsuite hostname="AWNJPHCWKS0003" name="phoenix_tests.Phoenix_Regular" tests="1" failures="0" timestamp="16 Oct 2019 05:40:53 GMT" time="98.803" errors="0">
  <testcase name="Regular_Claim" time="98.803" classname="phoenix_tests.Phoenix_Regular"/>
</testsuite> <!-- phoenix_tests.Phoenix_Regular -->
