<?xml version="1.0" encoding="UTF-8"?>
<!-- Generated by org.testng.reporters.JUnitReportReporter -->
<testsuite hostname="AWNJPHCWKS0003" name="phoenix_tests.Phoenix_Held_Transaction" tests="3" failures="0" timestamp="18 Sep 2019 07:17:30 GMT" time="133.905" errors="0">
  <testcase name="Phoenix_POC1" time="17.876" classname="phoenix_tests.Phoenix_Held_Transaction"/>
  <testcase name="Phoenix_POC2" time="34.462" classname="phoenix_tests.Phoenix_Held_Transaction"/>
  <testcase name="Phoenix_POC" time="81.567" classname="phoenix_tests.Phoenix_Held_Transaction"/>
</testsuite> <!-- phoenix_tests.Phoenix_Held_Transaction -->
